This file contains any messages produced by compilers while
running configure, to aid debugging if configure makes a mistake.

It was created by Ease configure 0.4, which was
generated by GNU Autoconf 2.67.  Invocation command line was

  $ ./configure 

## --------- ##
## Platform. ##
## --------- ##

hostname = h4lm
uname -m = i686
uname -r = 3.1.0-7.fc16.i686
uname -s = Linux
uname -v = #1 SMP Tue Nov 1 21:00:16 UTC 2011

/usr/bin/uname -p = unknown
/bin/uname -X     = unknown

/bin/arch              = i686
/usr/bin/arch -k       = unknown
/usr/convex/getsysinfo = unknown
/usr/bin/hostinfo      = unknown
/bin/machine           = unknown
/usr/bin/oslevel       = unknown
/bin/universe          = unknown

PATH: /usr/local/bin
PATH: /usr/bin
PATH: /bin
PATH: /usr/local/sbin
PATH: /usr/sbin
PATH: /sbin
PATH: /home/rene/.local/bin
PATH: /home/rene/bin


## ----------- ##
## Core tests. ##
## ----------- ##

configure:2515: checking for a BSD-compatible install
configure:2583: result: /usr/bin/install -c
configure:2594: checking whether build environment is sane
configure:2644: result: yes
configure:2785: checking for a thread-safe mkdir -p
configure:2824: result: /bin/mkdir -p
configure:2837: checking for gawk
configure:2853: found /usr/bin/gawk
configure:2864: result: gawk
configure:2875: checking whether make sets $(MAKE)
configure:2897: result: yes
configure:2978: checking whether to enable maintainer-specific portions of Makefiles
configure:2987: result: no
configure:3063: checking for gcc
configure:3079: found /usr/bin/gcc
configure:3090: result: gcc
configure:3319: checking for C compiler version
configure:3328: gcc --version >&5
gcc (GCC) 4.6.2 20111027 (Red Hat 4.6.2-1)
Copyright (C) 2011 Free Software Foundation, Inc.
This is free software; see the source for copying conditions.  There is NO
warranty; not even for MERCHANTABILITY or FITNESS FOR A PARTICULAR PURPOSE.

configure:3339: $? = 0
configure:3328: gcc -v >&5
Using built-in specs.
COLLECT_GCC=gcc
COLLECT_LTO_WRAPPER=/usr/libexec/gcc/i686-redhat-linux/4.6.2/lto-wrapper
Target: i686-redhat-linux
Configured with: ../configure --prefix=/usr --mandir=/usr/share/man --infodir=/usr/share/info --with-bugurl=http://bugzilla.redhat.com/bugzilla --enable-bootstrap --enable-shared --enable-threads=posix --enable-checking=release --with-system-zlib --enable-__cxa_atexit --disable-libunwind-exceptions --enable-gnu-unique-object --enable-linker-build-id --enable-languages=c,c++,objc,obj-c++,java,fortran,ada,go,lto --enable-plugin --enable-java-awt=gtk --disable-dssi --with-java-home=/usr/lib/jvm/java-1.5.0-gcj-1.5.0.0/jre --enable-libgcj-multifile --enable-java-maintainer-mode --with-ecj-jar=/usr/share/java/eclipse-ecj.jar --disable-libjava-multilib --with-ppl --with-cloog --with-tune=generic --with-arch=i686 --build=i686-redhat-linux
Thread model: posix
gcc version 4.6.2 20111027 (Red Hat 4.6.2-1) (GCC) 
configure:3339: $? = 0
configure:3328: gcc -V >&5
gcc: error: unrecognized option '-V'
gcc: fatal error: no input files
compilation terminated.
configure:3339: $? = 4
configure:3328: gcc -qversion >&5
gcc: error: unrecognized option '-qversion'
gcc: fatal error: no input files
compilation terminated.
configure:3339: $? = 4
configure:3359: checking whether the C compiler works
configure:3381: gcc    conftest.c  >&5
configure:3385: $? = 0
configure:3433: result: yes
configure:3436: checking for C compiler default output file name
configure:3438: result: a.out
configure:3444: checking for suffix of executables
configure:3451: gcc -o conftest    conftest.c  >&5
configure:3455: $? = 0
configure:3477: result: 
configure:3499: checking whether we are cross compiling
configure:3507: gcc -o conftest    conftest.c  >&5
configure:3511: $? = 0
configure:3518: ./conftest
configure:3522: $? = 0
configure:3537: result: no
configure:3542: checking for suffix of object files
configure:3564: gcc -c   conftest.c >&5
configure:3568: $? = 0
configure:3589: result: o
configure:3593: checking whether we are using the GNU C compiler
configure:3612: gcc -c   conftest.c >&5
configure:3612: $? = 0
configure:3621: result: yes
configure:3630: checking whether gcc accepts -g
configure:3650: gcc -c -g  conftest.c >&5
configure:3650: $? = 0
configure:3691: result: yes
configure:3708: checking for gcc option to accept ISO C89
configure:3772: gcc  -c -g -O2  conftest.c >&5
configure:3772: $? = 0
configure:3785: result: none needed
configure:3816: checking for style of include used by make
configure:3844: result: GNU
configure:3869: checking dependency style of gcc
configure:3979: result: gcc3
configure:3998: checking for gcc option to accept ISO C99
configure:4147: gcc  -c -g -O2  conftest.c >&5
conftest.c:61:29: error: expected ';', ',' or ')' before 'text'
conftest.c: In function 'main':
conftest.c:115:18: error: expected '=', ',', ';', 'asm' or '__attribute__' before 'newvar'
conftest.c:115:18: error: 'newvar' undeclared (first use in this function)
conftest.c:115:18: note: each undeclared identifier is reported only once for each function it appears in
conftest.c:125:3: error: 'for' loop initial declarations are only allowed in C99 mode
conftest.c:125:3: note: use option -std=c99 or -std=gnu99 to compile your code
configure:4147: $? = 1
configure: failed program was:
| /* confdefs.h */
| #define PACKAGE_NAME "Ease"
| #define PACKAGE_TARNAME "ease"
| #define PACKAGE_VERSION "0.4"
| #define PACKAGE_STRING "Ease 0.4"
| #define PACKAGE_BUGREPORT "https://bugzilla.gnome.org/enter_bug.cgi?product=ease"
| #define PACKAGE_URL "http://live.gnome.org/Ease"
| #define PACKAGE "ease"
| #define VERSION "0.4"
| /* end confdefs.h.  */
| #include <stdarg.h>
| #include <stdbool.h>
| #include <stdlib.h>
| #include <wchar.h>
| #include <stdio.h>
| 
| // Check varargs macros.  These examples are taken from C99 6.10.3.5.
| #define debug(...) fprintf (stderr, __VA_ARGS__)
| #define showlist(...) puts (#__VA_ARGS__)
| #define report(test,...) ((test) ? puts (#test) : printf (__VA_ARGS__))
| static void
| test_varargs_macros (void)
| {
|   int x = 1234;
|   int y = 5678;
|   debug ("Flag");
|   debug ("X = %d\n", x);
|   showlist (The first, second, and third items.);
|   report (x>y, "x is %d but y is %d", x, y);
| }
| 
| // Check long long types.
| #define BIG64 18446744073709551615ull
| #define BIG32 4294967295ul
| #define BIG_OK (BIG64 / BIG32 == 4294967297ull && BIG64 % BIG32 == 0)
| #if !BIG_OK
|   your preprocessor is broken;
| #endif
| #if BIG_OK
| #else
|   your preprocessor is broken;
| #endif
| static long long int bignum = -9223372036854775807LL;
| static unsigned long long int ubignum = BIG64;
| 
| struct incomplete_array
| {
|   int datasize;
|   double data[];
| };
| 
| struct named_init {
|   int number;
|   const wchar_t *name;
|   double average;
| };
| 
| typedef const char *ccp;
| 
| static inline int
| test_restrict (ccp restrict text)
| {
|   // See if C++-style comments work.
|   // Iterate through items via the restricted pointer.
|   // Also check for declarations in for loops.
|   for (unsigned int i = 0; *(text+i) != '\0'; ++i)
|     continue;
|   return 0;
| }
| 
| // Check varargs and va_copy.
| static void
| test_varargs (const char *format, ...)
| {
|   va_list args;
|   va_start (args, format);
|   va_list args_copy;
|   va_copy (args_copy, args);
| 
|   const char *str;
|   int number;
|   float fnumber;
| 
|   while (*format)
|     {
|       switch (*format++)
| 	{
| 	case 's': // string
| 	  str = va_arg (args_copy, const char *);
| 	  break;
| 	case 'd': // int
| 	  number = va_arg (args_copy, int);
| 	  break;
| 	case 'f': // float
| 	  fnumber = va_arg (args_copy, double);
| 	  break;
| 	default:
| 	  break;
| 	}
|     }
|   va_end (args_copy);
|   va_end (args);
| }
| 
| int
| main ()
| {
| 
|   // Check bool.
|   _Bool success = false;
| 
|   // Check restrict.
|   if (test_restrict ("String literal") == 0)
|     success = true;
|   char *restrict newvar = "Another string";
| 
|   // Check varargs.
|   test_varargs ("s, d' f .", "string", 65, 34.234);
|   test_varargs_macros ();
| 
|   // Check flexible array members.
|   struct incomplete_array *ia =
|     malloc (sizeof (struct incomplete_array) + (sizeof (double) * 10));
|   ia->datasize = 10;
|   for (int i = 0; i < ia->datasize; ++i)
|     ia->data[i] = i * 1.234;
| 
|   // Check named initializers.
|   struct named_init ni = {
|     .number = 34,
|     .name = L"Test wide string",
|     .average = 543.34343,
|   };
| 
|   ni.number = 58;
| 
|   int dynamic_array[ni.number];
|   dynamic_array[ni.number - 1] = 543;
| 
|   // work around unused variable warnings
|   return (!success || bignum == 0LL || ubignum == 0uLL || newvar[0] == 'x'
| 	  || dynamic_array[ni.number - 1] != 543);
| 
|   ;
|   return 0;
| }
configure:4147: gcc -std=gnu99 -c -g -O2  conftest.c >&5
configure:4147: $? = 0
configure:4167: result: -std=gnu99
configure:4269: checking for gcc -std=gnu99 option to accept ISO Standard C
configure:4283: result: -std=gnu99
configure:4360: checking whether gcc -std=gnu99 and cc understand -c and -o together
configure:4391: gcc -std=gnu99 -c conftest.c -o conftest2.o >&5
configure:4395: $? = 0
configure:4401: gcc -std=gnu99 -c conftest.c -o conftest2.o >&5
configure:4405: $? = 0
configure:4416: cc -c conftest.c >&5
configure:4420: $? = 0
configure:4428: cc -c conftest.c -o conftest2.o >&5
configure:4432: $? = 0
configure:4438: cc -c conftest.c -o conftest2.o >&5
configure:4442: $? = 0
configure:4460: result: yes
configure:4487: checking whether NLS is requested
configure:4496: result: yes
configure:4512: checking for intltool >= 0.35
configure:4519: result: 0.41.1 found
configure:4527: checking for intltool-update
configure:4545: found /usr/bin/intltool-update
configure:4557: result: /usr/bin/intltool-update
configure:4567: checking for intltool-merge
configure:4585: found /usr/bin/intltool-merge
configure:4597: result: /usr/bin/intltool-merge
configure:4607: checking for intltool-extract
configure:4625: found /usr/bin/intltool-extract
configure:4637: result: /usr/bin/intltool-extract
configure:4768: checking for xgettext
configure:4786: found /usr/bin/xgettext
configure:4798: result: /usr/bin/xgettext
configure:4808: checking for msgmerge
configure:4826: found /usr/bin/msgmerge
configure:4838: result: /usr/bin/msgmerge
configure:4848: checking for msgfmt
configure:4866: found /usr/bin/msgfmt
configure:4878: result: /usr/bin/msgfmt
configure:4888: checking for gmsgfmt
configure:4919: result: /usr/bin/msgfmt
configure:4939: checking for perl
configure:4957: found /usr/bin/perl
configure:4969: result: /usr/bin/perl
configure:4980: checking for perl >= 5.8.1
configure:4987: result: 5.14.2
configure:4991: checking for XML::Parser
configure:4994: result: ok
configure:5019: gcc -std=gnu99 -o conftest -g -O2   conftest.c  >&5
configure:5019: $? = 0
configure:5074: checking build system type
configure:5088: result: i686-pc-linux-gnu
configure:5108: checking host system type
configure:5121: result: i686-pc-linux-gnu
configure:5141: checking for a sed that does not truncate output
configure:5205: result: /bin/sed
configure:5223: checking for grep that handles long lines and -e
configure:5281: result: /bin/grep
configure:5286: checking for egrep
configure:5348: result: /bin/grep -E
configure:5353: checking for fgrep
configure:5415: result: /bin/grep -F
configure:5450: checking for ld used by gcc -std=gnu99
configure:5517: result: /usr/bin/ld
configure:5524: checking if the linker (/usr/bin/ld) is GNU ld
configure:5539: result: yes
configure:5551: checking for BSD- or MS-compatible name lister (nm)
configure:5600: result: /usr/bin/nm -B
configure:5718: checking the name lister (/usr/bin/nm -B) interface
configure:5725: gcc -std=gnu99 -c -g -O2  conftest.c >&5
configure:5728: /usr/bin/nm -B "conftest.o"
configure:5731: output
00000000 B some_variable
configure:5738: result: BSD nm
configure:5741: checking whether ln -s works
configure:5745: result: yes
configure:5753: checking the maximum length of command line arguments
configure:5873: result: 1572864
configure:5890: checking whether the shell understands some XSI constructs
configure:5900: result: yes
configure:5904: checking whether the shell understands "+="
configure:5910: result: yes
configure:5945: checking for /usr/bin/ld option to reload object files
configure:5952: result: -r
configure:6021: checking for objdump
configure:6037: found /usr/bin/objdump
configure:6048: result: objdump
configure:6080: checking how to recognize dependent libraries
configure:6276: result: pass_all
configure:6336: checking for ar
configure:6352: found /usr/bin/ar
configure:6363: result: ar
configure:6441: checking for strip
configure:6457: found /usr/bin/strip
configure:6468: result: strip
configure:6540: checking for ranlib
configure:6556: found /usr/bin/ranlib
configure:6567: result: ranlib
configure:6657: checking command to parse /usr/bin/nm -B output from gcc -std=gnu99 object
configure:6775: gcc -std=gnu99 -c -g -O2  conftest.c >&5
configure:6778: $? = 0
configure:6782: /usr/bin/nm -B conftest.o \| sed -n -e 's/^.*[	 ]\([ABCDGIRSTW][ABCDGIRSTW]*\)[	 ][	 ]*\([_A-Za-z][_A-Za-z0-9]*\)$/\1 \2 \2/p' \> conftest.nm
configure:6785: $? = 0
configure:6839: gcc -std=gnu99 -o conftest -g -O2   conftest.c conftstm.o >&5
configure:6842: $? = 0
configure:6880: result: ok
configure:7688: checking how to run the C preprocessor
configure:7719: gcc -std=gnu99 -E  conftest.c
configure:7719: $? = 0
configure:7733: gcc -std=gnu99 -E  conftest.c
conftest.c:11:28: fatal error: ac_nonexistent.h: No such file or directory
compilation terminated.
configure:7733: $? = 1
configure: failed program was:
| /* confdefs.h */
| #define PACKAGE_NAME "Ease"
| #define PACKAGE_TARNAME "ease"
| #define PACKAGE_VERSION "0.4"
| #define PACKAGE_STRING "Ease 0.4"
| #define PACKAGE_BUGREPORT "https://bugzilla.gnome.org/enter_bug.cgi?product=ease"
| #define PACKAGE_URL "http://live.gnome.org/Ease"
| #define PACKAGE "ease"
| #define VERSION "0.4"
| /* end confdefs.h.  */
| #include <ac_nonexistent.h>
configure:7758: result: gcc -std=gnu99 -E
configure:7778: gcc -std=gnu99 -E  conftest.c
configure:7778: $? = 0
configure:7792: gcc -std=gnu99 -E  conftest.c
conftest.c:11:28: fatal error: ac_nonexistent.h: No such file or directory
compilation terminated.
configure:7792: $? = 1
configure: failed program was:
| /* confdefs.h */
| #define PACKAGE_NAME "Ease"
| #define PACKAGE_TARNAME "ease"
| #define PACKAGE_VERSION "0.4"
| #define PACKAGE_STRING "Ease 0.4"
| #define PACKAGE_BUGREPORT "https://bugzilla.gnome.org/enter_bug.cgi?product=ease"
| #define PACKAGE_URL "http://live.gnome.org/Ease"
| #define PACKAGE "ease"
| #define VERSION "0.4"
| /* end confdefs.h.  */
| #include <ac_nonexistent.h>
configure:7821: checking for ANSI C header files
configure:7841: gcc -std=gnu99 -c -g -O2  conftest.c >&5
configure:7841: $? = 0
configure:7914: gcc -std=gnu99 -o conftest -g -O2   conftest.c  >&5
configure:7914: $? = 0
configure:7914: ./conftest
configure:7914: $? = 0
configure:7925: result: yes
configure:7938: checking for sys/types.h
configure:7938: gcc -std=gnu99 -c -g -O2  conftest.c >&5
configure:7938: $? = 0
configure:7938: result: yes
configure:7938: checking for sys/stat.h
configure:7938: gcc -std=gnu99 -c -g -O2  conftest.c >&5
configure:7938: $? = 0
configure:7938: result: yes
configure:7938: checking for stdlib.h
configure:7938: gcc -std=gnu99 -c -g -O2  conftest.c >&5
configure:7938: $? = 0
configure:7938: result: yes
configure:7938: checking for string.h
configure:7938: gcc -std=gnu99 -c -g -O2  conftest.c >&5
configure:7938: $? = 0
configure:7938: result: yes
configure:7938: checking for memory.h
configure:7938: gcc -std=gnu99 -c -g -O2  conftest.c >&5
configure:7938: $? = 0
configure:7938: result: yes
configure:7938: checking for strings.h
configure:7938: gcc -std=gnu99 -c -g -O2  conftest.c >&5
configure:7938: $? = 0
configure:7938: result: yes
configure:7938: checking for inttypes.h
configure:7938: gcc -std=gnu99 -c -g -O2  conftest.c >&5
configure:7938: $? = 0
configure:7938: result: yes
configure:7938: checking for stdint.h
configure:7938: gcc -std=gnu99 -c -g -O2  conftest.c >&5
configure:7938: $? = 0
configure:7938: result: yes
configure:7938: checking for unistd.h
configure:7938: gcc -std=gnu99 -c -g -O2  conftest.c >&5
configure:7938: $? = 0
configure:7938: result: yes
configure:7952: checking for dlfcn.h
configure:7952: gcc -std=gnu99 -c -g -O2  conftest.c >&5
configure:7952: $? = 0
configure:7952: result: yes
configure:8136: checking for objdir
configure:8151: result: .libs
configure:8447: checking if gcc -std=gnu99 supports -fno-rtti -fno-exceptions
configure:8465: gcc -std=gnu99 -c -g -O2  -fno-rtti -fno-exceptions conftest.c >&5
cc1: warning: command line option '-fno-rtti' is valid for C++/ObjC++ but not for C [enabled by default]
configure:8469: $? = 0
configure:8482: result: no
configure:8502: checking for gcc -std=gnu99 option to produce PIC
configure:8774: result: -fPIC -DPIC
configure:8786: checking if gcc -std=gnu99 PIC flag -fPIC -DPIC works
configure:8804: gcc -std=gnu99 -c -g -O2  -fPIC -DPIC -DPIC conftest.c >&5
configure:8808: $? = 0
configure:8821: result: yes
configure:8845: checking if gcc -std=gnu99 static flag -static works
configure:8873: result: no
configure:8888: checking if gcc -std=gnu99 supports -c -o file.o
configure:8909: gcc -std=gnu99 -c -g -O2  -o out/conftest2.o conftest.c >&5
configure:8913: $? = 0
configure:8935: result: yes
configure:8943: checking if gcc -std=gnu99 supports -c -o file.o
configure:8990: result: yes
configure:9023: checking whether the gcc -std=gnu99 linker (/usr/bin/ld) supports shared libraries
configure:10014: result: yes
configure:10051: checking whether -lc should be explicitly linked in
configure:10056: gcc -std=gnu99 -c -g -O2  conftest.c >&5
configure:10059: $? = 0
configure:10074: gcc -std=gnu99 -shared conftest.o  -v -Wl,-soname -Wl,conftest -o conftest 2\>\&1 \| /bin/grep  -lc  \>/dev/null 2\>\&1
configure:10077: $? = 0
configure:10089: result: no
configure:10253: checking dynamic linker characteristics
configure:10686: gcc -std=gnu99 -o conftest -g -O2   -Wl,-rpath -Wl,/foo conftest.c  >&5
configure:10686: $? = 0
configure:10916: result: GNU/Linux ld.so
configure:11018: checking how to hardcode library paths into programs
configure:11043: result: immediate
configure:11563: checking whether stripping libraries is possible
configure:11568: result: yes
configure:11603: checking if libtool supports shared libraries
configure:11605: result: yes
configure:11608: checking whether to build shared libraries
configure:11629: result: yes
configure:11632: checking whether to build static libraries
configure:11636: result: yes
configure:11727: checking for pkg-config
configure:11745: found /usr/bin/pkg-config
configure:11757: result: /usr/bin/pkg-config
configure:11782: checking pkg-config is at least version 0.9.0
configure:11785: result: yes
configure:11804: checking for gobject-introspection
configure:11835: $PKG_CONFIG --exists --print-errors "gobject-introspection-1.0 >= 0.6.7"
configure:11838: $? = 0
configure:11849: result: yes
configure:11922: checking whether gcc understands -Wno-sign-compare
configure:11935: gcc -std=gnu99 -c -Wall -Wmissing-prototypes -Wnested-externs -Wpointer-arith -g -O2 -Wno-sign-compare  conftest.c >&5
configure:11935: $? = 0
configure:11942: result: yes
configure:11960: checking what warning flags to pass to the C compiler
configure:11962: result: -Wall -Wmissing-prototypes -Wnested-externs -Wpointer-arith -Wno-sign-compare
configure:11973: checking what language compliance flags to pass to the C compiler
configure:11988: result: 
configure:12022: checking for EASE
configure:12029: $PKG_CONFIG --exists --print-errors "$pkg_modules"
Package poppler-glib was not found in the pkg-config search path.
Perhaps you should add the directory containing `poppler-glib.pc'
to the PKG_CONFIG_PATH environment variable
No package 'poppler-glib' found
Package rest-0.6 was not found in the pkg-config search path.
Perhaps you should add the directory containing `rest-0.6.pc'
to the PKG_CONFIG_PATH environment variable
No package 'rest-0.6' found
Package rest-extras-0.6 was not found in the pkg-config search path.
Perhaps you should add the directory containing `rest-extras-0.6.pc'
to the PKG_CONFIG_PATH environment variable
No package 'rest-extras-0.6' found
Package unique-1.0 was not found in the pkg-config search path.
Perhaps you should add the directory containing `unique-1.0.pc'
to the PKG_CONFIG_PATH environment variable
No package 'unique-1.0' found
configure:12032: $? = 1
configure:12045: $PKG_CONFIG --exists --print-errors "$pkg_modules"
Package poppler-glib was not found in the pkg-config search path.
Perhaps you should add the directory containing `poppler-glib.pc'
to the PKG_CONFIG_PATH environment variable
No package 'poppler-glib' found
Package rest-0.6 was not found in the pkg-config search path.
Perhaps you should add the directory containing `rest-0.6.pc'
to the PKG_CONFIG_PATH environment variable
No package 'rest-0.6' found
Package rest-extras-0.6 was not found in the pkg-config search path.
Perhaps you should add the directory containing `rest-extras-0.6.pc'
to the PKG_CONFIG_PATH environment variable
No package 'rest-extras-0.6' found
Package unique-1.0 was not found in the pkg-config search path.
Perhaps you should add the directory containing `unique-1.0.pc'
to the PKG_CONFIG_PATH environment variable
No package 'unique-1.0' found
configure:12048: $? = 1
configure:12061: result: no
No package 'poppler-glib' found
No package 'rest-0.6' found
No package 'rest-extras-0.6' found
No package 'unique-1.0' found
configure:12077: error: Package requirements ( clutter-gst-1.0 clutter-gtk-0.10 >= 0.10 gee-1.0 gmodule-2.0 json-glib-1.0 >= 0.7.6 libarchive poppler-glib rest-0.6  rest-extras-0.6 unique-1.0) were not met:

No package 'poppler-glib' found
No package 'rest-0.6' found
No package 'rest-extras-0.6' found
No package 'unique-1.0' found

Consider adjusting the PKG_CONFIG_PATH environment variable if you
installed software in a non-standard prefix.

Alternatively, you may set the environment variables EASE_CFLAGS
and EASE_LIBS to avoid the need to call pkg-config.
See the pkg-config man page for more details.

## ---------------- ##
## Cache variables. ##
## ---------------- ##

ac_cv_build=i686-pc-linux-gnu
ac_cv_c_compiler_gnu=yes
ac_cv_env_CC_set=
ac_cv_env_CC_value=
ac_cv_env_CFLAGS_set=
ac_cv_env_CFLAGS_value=
ac_cv_env_CPPFLAGS_set=
ac_cv_env_CPPFLAGS_value=
ac_cv_env_CPP_set=
ac_cv_env_CPP_value=
ac_cv_env_EASE_CFLAGS_set=
ac_cv_env_EASE_CFLAGS_value=
ac_cv_env_EASE_LIBS_set=
ac_cv_env_EASE_LIBS_value=
ac_cv_env_LDFLAGS_set=
ac_cv_env_LDFLAGS_value=
ac_cv_env_LIBS_set=
ac_cv_env_LIBS_value=
ac_cv_env_PKG_CONFIG_LIBDIR_set=
ac_cv_env_PKG_CONFIG_LIBDIR_value=
ac_cv_env_PKG_CONFIG_PATH_set=
ac_cv_env_PKG_CONFIG_PATH_value=
ac_cv_env_PKG_CONFIG_set=
ac_cv_env_PKG_CONFIG_value=
ac_cv_env_build_alias_set=
ac_cv_env_build_alias_value=
ac_cv_env_host_alias_set=
ac_cv_env_host_alias_value=
ac_cv_env_target_alias_set=
ac_cv_env_target_alias_value=
ac_cv_header_dlfcn_h=yes
ac_cv_header_inttypes_h=yes
ac_cv_header_memory_h=yes
ac_cv_header_stdc=yes
ac_cv_header_stdint_h=yes
ac_cv_header_stdlib_h=yes
ac_cv_header_string_h=yes
ac_cv_header_strings_h=yes
ac_cv_header_sys_stat_h=yes
ac_cv_header_sys_types_h=yes
ac_cv_header_unistd_h=yes
ac_cv_host=i686-pc-linux-gnu
ac_cv_objext=o
ac_cv_path_EGREP='/bin/grep -E'
ac_cv_path_FGREP='/bin/grep -F'
ac_cv_path_GMSGFMT=/usr/bin/msgfmt
ac_cv_path_GREP=/bin/grep
ac_cv_path_INTLTOOL_EXTRACT=/usr/bin/intltool-extract
ac_cv_path_INTLTOOL_MERGE=/usr/bin/intltool-merge
ac_cv_path_INTLTOOL_PERL=/usr/bin/perl
ac_cv_path_INTLTOOL_UPDATE=/usr/bin/intltool-update
ac_cv_path_MSGFMT=/usr/bin/msgfmt
ac_cv_path_MSGMERGE=/usr/bin/msgmerge
ac_cv_path_SED=/bin/sed
ac_cv_path_XGETTEXT=/usr/bin/xgettext
ac_cv_path_ac_pt_PKG_CONFIG=/usr/bin/pkg-config
ac_cv_path_install='/usr/bin/install -c'
ac_cv_path_mkdir=/bin/mkdir
ac_cv_prog_AWK=gawk
ac_cv_prog_CPP='gcc -std=gnu99 -E'
ac_cv_prog_ac_ct_AR=ar
ac_cv_prog_ac_ct_CC=gcc
ac_cv_prog_ac_ct_OBJDUMP=objdump
ac_cv_prog_ac_ct_RANLIB=ranlib
ac_cv_prog_ac_ct_STRIP=strip
ac_cv_prog_cc_c89=
ac_cv_prog_cc_c99=-std=gnu99
ac_cv_prog_cc_g=yes
ac_cv_prog_cc_gcc_c_o=yes
ac_cv_prog_cc_stdc=-std=gnu99
ac_cv_prog_make_make_set=yes
am_cv_CC_dependencies_compiler_type=gcc3
lt_cv_deplibs_check_method=pass_all
lt_cv_file_magic_cmd='$MAGIC_CMD'
lt_cv_file_magic_test_file=
lt_cv_ld_reload_flag=-r
lt_cv_nm_interface='BSD nm'
lt_cv_objdir=.libs
lt_cv_path_LD=/usr/bin/ld
lt_cv_path_NM='/usr/bin/nm -B'
lt_cv_prog_compiler_c_o=yes
lt_cv_prog_compiler_pic_works=yes
lt_cv_prog_compiler_rtti_exceptions=no
lt_cv_prog_compiler_static_works=no
lt_cv_prog_gnu_ld=yes
lt_cv_sys_global_symbol_pipe='sed -n -e '\''s/^.*[	 ]\([ABCDGIRSTW][ABCDGIRSTW]*\)[	 ][	 ]*\([_A-Za-z][_A-Za-z0-9]*\)$/\1 \2 \2/p'\'''
lt_cv_sys_global_symbol_to_c_name_address='sed -n -e '\''s/^: \([^ ]*\) $/  {\"\1\", (void *) 0},/p'\'' -e '\''s/^[ABCDGIRSTW]* \([^ ]*\) \([^ ]*\)$/  {"\2", (void *) \&\2},/p'\'''
lt_cv_sys_global_symbol_to_c_name_address_lib_prefix='sed -n -e '\''s/^: \([^ ]*\) $/  {\"\1\", (void *) 0},/p'\'' -e '\''s/^[ABCDGIRSTW]* \([^ ]*\) \(lib[^ ]*\)$/  {"\2", (void *) \&\2},/p'\'' -e '\''s/^[ABCDGIRSTW]* \([^ ]*\) \([^ ]*\)$/  {"lib\2", (void *) \&\2},/p'\'''
lt_cv_sys_global_symbol_to_cdecl='sed -n -e '\''s/^T .* \(.*\)$/extern int \1();/p'\'' -e '\''s/^[ABCDGIRSTW]* .* \(.*\)$/extern char \1;/p'\'''
lt_cv_sys_max_cmd_len=1572864

## ----------------- ##
## Output variables. ##
## ----------------- ##

ACLOCAL='${SHELL} /home/rene/Dev/Nitido/missing --run aclocal-1.11'
ALL_LINGUAS=''
AMDEPBACKSLASH='\'
AMDEP_FALSE='#'
AMDEP_TRUE=''
AMTAR='${SHELL} /home/rene/Dev/Nitido/missing --run tar'
AM_BACKSLASH='\'
AM_DEFAULT_VERBOSITY='0'
AR='ar'
AUTOCONF='${SHELL} /home/rene/Dev/Nitido/missing --run autoconf'
AUTOHEADER='${SHELL} /home/rene/Dev/Nitido/missing --run autoheader'
AUTOMAKE='${SHELL} /home/rene/Dev/Nitido/missing --run automake-1.11'
AWK='gawk'
CATALOGS=''
CATOBJEXT=''
CC='gcc -std=gnu99'
CCDEPMODE='depmode=gcc3'
CFLAGS='-g -O2'
CPP='gcc -std=gnu99 -E'
CPPFLAGS=''
CYGPATH_W='echo'
DATADIRNAME='share'
DEFS=''
DEPDIR='.deps'
DISABLE_DEPRECATED=''
DSYMUTIL=''
DUMPBIN=''
EASE_CFLAGS=''
EASE_CORE_VERSION=''
EASE_LIBS=''
EASE_PACKAGES=''
EASE_VERSION=''
ECHO_C=''
ECHO_N='-n'
ECHO_T=''
EGREP='/bin/grep -E'
EXEEXT=''
FGREP='/bin/grep -F'
FLUTTER_VERSION=''
GETTEXT_PACKAGE=''
GMOFILES=''
GMSGFMT='/usr/bin/msgfmt'
GREP='/bin/grep'
HAVE_INTROSPECTION_FALSE='#'
HAVE_INTROSPECTION_TRUE=''
INSTALL_DATA='${INSTALL} -m 644'
INSTALL_PROGRAM='${INSTALL}'
INSTALL_SCRIPT='${INSTALL}'
INSTALL_STRIP_PROGRAM='$(install_sh) -c -s'
INSTOBJEXT=''
INTLLIBS=''
INTLTOOL_CAVES_RULE='%.caves:     %.caves.in     $(INTLTOOL_MERGE) $(wildcard $(top_srcdir)/po/*.po) ; LC_ALL=C $(INTLTOOL_MERGE) -d -u -c $(top_builddir)/po/.intltool-merge-cache $(top_srcdir)/po $< $@'
INTLTOOL_DESKTOP_RULE='%.desktop:   %.desktop.in   $(INTLTOOL_MERGE) $(wildcard $(top_srcdir)/po/*.po) ; LC_ALL=C $(INTLTOOL_MERGE) -d -u -c $(top_builddir)/po/.intltool-merge-cache $(top_srcdir)/po $< $@'
INTLTOOL_DIRECTORY_RULE='%.directory: %.directory.in $(INTLTOOL_MERGE) $(wildcard $(top_srcdir)/po/*.po) ; LC_ALL=C $(INTLTOOL_MERGE) -d -u -c $(top_builddir)/po/.intltool-merge-cache $(top_srcdir)/po $< $@'
INTLTOOL_EXTRACT='/usr/bin/intltool-extract'
INTLTOOL_KBD_RULE='%.kbd:       %.kbd.in       $(INTLTOOL_MERGE) $(wildcard $(top_srcdir)/po/*.po) ; LC_ALL=C $(INTLTOOL_MERGE) -x -u -m -c $(top_builddir)/po/.intltool-merge-cache $(top_srcdir)/po $< $@'
INTLTOOL_KEYS_RULE='%.keys:      %.keys.in      $(INTLTOOL_MERGE) $(wildcard $(top_srcdir)/po/*.po) ; LC_ALL=C $(INTLTOOL_MERGE) -k -u -c $(top_builddir)/po/.intltool-merge-cache $(top_srcdir)/po $< $@'
INTLTOOL_MERGE='/usr/bin/intltool-merge'
INTLTOOL_OAF_RULE='%.oaf:       %.oaf.in       $(INTLTOOL_MERGE) $(wildcard $(top_srcdir)/po/*.po) ; LC_ALL=C $(INTLTOOL_MERGE) -o -p $(top_srcdir)/po $< $@'
INTLTOOL_PERL='/usr/bin/perl'
INTLTOOL_POLICY_RULE='%.policy:    %.policy.in    $(INTLTOOL_MERGE) $(wildcard $(top_srcdir)/po/*.po) ; LC_ALL=C $(INTLTOOL_MERGE) -x -u -c $(top_builddir)/po/.intltool-merge-cache $(top_srcdir)/po $< $@'
INTLTOOL_PONG_RULE='%.pong:      %.pong.in      $(INTLTOOL_MERGE) $(wildcard $(top_srcdir)/po/*.po) ; LC_ALL=C $(INTLTOOL_MERGE) -x -u -c $(top_builddir)/po/.intltool-merge-cache $(top_srcdir)/po $< $@'
INTLTOOL_PROP_RULE='%.prop:      %.prop.in      $(INTLTOOL_MERGE) $(wildcard $(top_srcdir)/po/*.po) ; LC_ALL=C $(INTLTOOL_MERGE) -d -u -c $(top_builddir)/po/.intltool-merge-cache $(top_srcdir)/po $< $@'
INTLTOOL_SCHEMAS_RULE='%.schemas:   %.schemas.in   $(INTLTOOL_MERGE) $(wildcard $(top_srcdir)/po/*.po) ; LC_ALL=C $(INTLTOOL_MERGE) -s -u -c $(top_builddir)/po/.intltool-merge-cache $(top_srcdir)/po $< $@'
INTLTOOL_SERVER_RULE='%.server:    %.server.in    $(INTLTOOL_MERGE) $(wildcard $(top_srcdir)/po/*.po) ; LC_ALL=C $(INTLTOOL_MERGE) -o -u -c $(top_builddir)/po/.intltool-merge-cache $(top_srcdir)/po $< $@'
INTLTOOL_SERVICE_RULE='%.service: %.service.in   $(INTLTOOL_MERGE) $(wildcard $(top_srcdir)/po/*.po) ; LC_ALL=C $(INTLTOOL_MERGE) -d -u -c $(top_builddir)/po/.intltool-merge-cache $(top_srcdir)/po $< $@'
INTLTOOL_SHEET_RULE='%.sheet:     %.sheet.in     $(INTLTOOL_MERGE) $(wildcard $(top_srcdir)/po/*.po) ; LC_ALL=C $(INTLTOOL_MERGE) -x -u -c $(top_builddir)/po/.intltool-merge-cache $(top_srcdir)/po $< $@'
INTLTOOL_SOUNDLIST_RULE='%.soundlist: %.soundlist.in $(INTLTOOL_MERGE) $(wildcard $(top_srcdir)/po/*.po) ; LC_ALL=C $(INTLTOOL_MERGE) -d -u -c $(top_builddir)/po/.intltool-merge-cache $(top_srcdir)/po $< $@'
INTLTOOL_THEME_RULE='%.theme:     %.theme.in     $(INTLTOOL_MERGE) $(wildcard $(top_srcdir)/po/*.po) ; LC_ALL=C $(INTLTOOL_MERGE) -d -u -c $(top_builddir)/po/.intltool-merge-cache $(top_srcdir)/po $< $@'
INTLTOOL_UI_RULE='%.ui:        %.ui.in        $(INTLTOOL_MERGE) $(wildcard $(top_srcdir)/po/*.po) ; LC_ALL=C $(INTLTOOL_MERGE) -x -u -c $(top_builddir)/po/.intltool-merge-cache $(top_srcdir)/po $< $@'
INTLTOOL_UPDATE='/usr/bin/intltool-update'
INTLTOOL_XAM_RULE='%.xam:       %.xml.in       $(INTLTOOL_MERGE) $(wildcard $(top_srcdir)/po/*.po) ; LC_ALL=C $(INTLTOOL_MERGE) -x -u -c $(top_builddir)/po/.intltool-merge-cache $(top_srcdir)/po $< $@'
INTLTOOL_XML_NOMERGE_RULE='%.xml:       %.xml.in       $(INTLTOOL_MERGE) ; LC_ALL=C $(INTLTOOL_MERGE) -x -u /tmp $< $@'
INTLTOOL_XML_RULE='%.xml:       %.xml.in       $(INTLTOOL_MERGE) $(wildcard $(top_srcdir)/po/*.po) ; LC_ALL=C $(INTLTOOL_MERGE) -x -u -c $(top_builddir)/po/.intltool-merge-cache $(top_srcdir)/po $< $@'
INTROSPECTION_CFLAGS='-pthread -I/usr/include/gobject-introspection-1.0 -I/usr/include/glib-2.0 -I/usr/lib/glib-2.0/include -I/usr/lib/libffi-3.0.10/include  '
INTROSPECTION_COMPILER='/usr/bin/g-ir-compiler'
INTROSPECTION_GENERATE='/usr/bin/g-ir-generate'
INTROSPECTION_GIRDIR='/usr/share/gir-1.0'
INTROSPECTION_LIBS='-Wl,--export-dynamic -pthread -lgirepository-1.0 -lgobject-2.0 -lgmodule-2.0 -lffi -lgthread-2.0 -lrt -lglib-2.0  '
INTROSPECTION_MAKEFILE='/usr/share/gobject-introspection-1.0/Makefile.introspection'
INTROSPECTION_SCANNER='/usr/bin/g-ir-scanner'
INTROSPECTION_TYPELIBDIR='/usr/lib/girepository-1.0'
LD='/usr/bin/ld'
LDFLAGS=''
LIBOBJS=''
LIBS=''
LIBTOOL='$(SHELL) $(top_builddir)/libtool'
LIPO=''
LN_S='ln -s'
LTLIBOBJS=''
MAINT='#'
MAINTAINER_MODE_FALSE=''
MAINTAINER_MODE_TRUE='#'
MAKEINFO='${SHELL} /home/rene/Dev/Nitido/missing --run makeinfo'
MKDIR_P='/bin/mkdir -p'
MKINSTALLDIRS=''
MSGFMT='/usr/bin/msgfmt'
MSGFMT_OPTS=''
MSGMERGE='/usr/bin/msgmerge'
NM='/usr/bin/nm -B'
NMEDIT=''
OBJDUMP='objdump'
OBJEXT='o'
OTOOL64=''
OTOOL=''
PACKAGE='ease'
PACKAGE_BUGREPORT='https://bugzilla.gnome.org/enter_bug.cgi?product=ease'
PACKAGE_NAME='Ease'
PACKAGE_STRING='Ease 0.4'
PACKAGE_TARNAME='ease'
PACKAGE_URL='http://live.gnome.org/Ease'
PACKAGE_VERSION='0.4'
PATH_SEPARATOR=':'
PKG_CONFIG='/usr/bin/pkg-config'
PKG_CONFIG_LIBDIR=''
PKG_CONFIG_PATH=''
POFILES=''
POSUB=''
PO_IN_DATADIR_FALSE=''
PO_IN_DATADIR_TRUE=''
RANLIB='ranlib'
SED='/bin/sed'
SET_MAKE=''
SHELL='/bin/sh'
STRIP='strip'
USE_NLS='yes'
VALAC=''
VERSION='0.4'
WARN_CFLAGS='-Wall -Wmissing-prototypes -Wnested-externs -Wpointer-arith -Wno-sign-compare '
XGETTEXT='/usr/bin/xgettext'
ac_ct_CC='gcc'
ac_ct_DUMPBIN=''
am__EXEEXT_FALSE=''
am__EXEEXT_TRUE=''
am__fastdepCC_FALSE='#'
am__fastdepCC_TRUE=''
am__include='include'
am__isrc=''
am__leading_dot='.'
am__quote=''
am__tar='${AMTAR} chof - "$$tardir"'
am__untar='${AMTAR} xf -'
bindir='${exec_prefix}/bin'
build='i686-pc-linux-gnu'
build_alias=''
build_cpu='i686'
build_os='linux-gnu'
build_vendor='pc'
datadir='${datarootdir}'
datarootdir='${prefix}/share'
docdir='${datarootdir}/doc/${PACKAGE_TARNAME}'
dvidir='${docdir}'
exec_prefix='NONE'
host='i686-pc-linux-gnu'
host_alias=''
host_cpu='i686'
host_os='linux-gnu'
host_vendor='pc'
htmldir='${docdir}'
includedir='${prefix}/include'
infodir='${datarootdir}/info'
install_sh='${SHELL} /home/rene/Dev/Nitido/install-sh'
libdir='${exec_prefix}/lib'
libexecdir='${exec_prefix}/libexec'
localedir='${datarootdir}/locale'
localstatedir='${prefix}/var'
lt_ECHO='echo'
mandir='${datarootdir}/man'
mkdir_p='/bin/mkdir -p'
oldincludedir='/usr/include'
pdfdir='${docdir}'
prefix='NONE'
program_transform_name='s,x,x,'
psdir='${docdir}'
sbindir='${exec_prefix}/sbin'
sharedstatedir='${prefix}/com'
sysconfdir='${prefix}/etc'
target_alias=''

## ----------- ##
## confdefs.h. ##
## ----------- ##

/* confdefs.h */
#define PACKAGE_NAME "Ease"
#define PACKAGE_TARNAME "ease"
#define PACKAGE_VERSION "0.4"
#define PACKAGE_STRING "Ease 0.4"
#define PACKAGE_BUGREPORT "https://bugzilla.gnome.org/enter_bug.cgi?product=ease"
#define PACKAGE_URL "http://live.gnome.org/Ease"
#define PACKAGE "ease"
#define VERSION "0.4"
#define STDC_HEADERS 1
#define HAVE_SYS_TYPES_H 1
#define HAVE_SYS_STAT_H 1
#define HAVE_STDLIB_H 1
#define HAVE_STRING_H 1
#define HAVE_MEMORY_H 1
#define HAVE_STRINGS_H 1
#define HAVE_INTTYPES_H 1
#define HAVE_STDINT_H 1
#define HAVE_UNISTD_H 1
#define HAVE_DLFCN_H 1
#define LT_OBJDIR ".libs/"

configure: exit 1
